<?xml version="1.0" encoding="UTF-8"?>
<!-- Generated by org.testng.reporters.JUnitReportReporter -->
<testsuite hostname="Admin-PC" failures="1" tests="7" name="org.testingjava.groupingtest" time="0.303" errors="0" timestamp="22 Nov 2021 13:34:17 GMT" skipped="1">
  <testcase classname="org.testingjava.groupingtest" name="tco6" time="0.100"/>
  <testcase classname="org.testingjava.groupingtest" name="tco4" time="0.041"/>
  <testcase classname="org.testingjava.groupingtest" name="tco2" time="0.005"/>
  <testcase classname="org.testingjava.groupingtest" name="tco7" time="0.065"/>
  <testcase classname="org.testingjava.groupingtest" name="tco3" time="0.062"/>
  <testcase classname="org.testingjava.groupingtest" name="tco5" time="0.000">
    <skipped/>
  </testcase> <!-- tco5 -->
  <testcase classname="org.testingjava.groupingtest" name="tco1" time="0.030">
    <failure message="expected [true] but found [false]" type="java.lang.AssertionError">
      <![CDATA[java.lang.AssertionError: expected [true] but found [false]
at org.testng.Assert.fail(Assert.java:96)
at org.testng.Assert.failNotEquals(Assert.java:776)
at org.testng.Assert.assertTrue(Assert.java:44)
at org.testng.Assert.assertTrue(Assert.java:54)
at org.testingjava.groupingtest.tco1(groupingtest.java:9)
at java.base/jdk.internal.reflect.NativeMethodAccessorImpl.invoke0(Native Method)
at java.base/jdk.internal.reflect.NativeMethodAccessorImpl.invoke(NativeMethodAccessorImpl.java:78)
at java.base/jdk.internal.reflect.DelegatingMethodAccessorImpl.invoke(DelegatingMethodAccessorImpl.java:43)
at java.base/java.lang.reflect.Method.invoke(Method.java:567)
at org.testng.internal.MethodInvocationHelper.invokeMethod(MethodInvocationHelper.java:124)
at org.testng.internal.Invoker.invokeMethod(Invoker.java:583)
at org.testng.internal.Invoker.invokeTestMethod(Invoker.java:719)
at org.testng.internal.Invoker.invokeTestMethods(Invoker.java:989)
at org.testng.internal.TestMethodWorker.invokeTestMethods(TestMethodWorker.java:125)
at org.testng.internal.TestMethodWorker.run(TestMethodWorker.java:109)
at java.base/java.util.concurrent.ThreadPoolExecutor.runWorker(ThreadPoolExecutor.java:1130)
at java.base/java.util.concurrent.ThreadPoolExecutor$Worker.run(ThreadPoolExecutor.java:630)
at java.base/java.lang.Thread.run(Thread.java:831)
]]>
    </failure>
  </testcase> <!-- tco1 -->
</testsuite> <!-- org.testingjava.groupingtest -->
